SF:lib/src/type_name.dart
DA:5,2
DA:9,2
DA:10,0
DA:13,2
DA:18,2
LF:5
LH:4
end_of_record
SF:lib/src/diagram_visitor.dart
DA:14,0
DA:53,1
DA:93,0
DA:94,0
DA:95,0
DA:97,0
DA:108,0
DA:109,0
DA:111,0
DA:115,0
DA:123,0
DA:124,0
DA:128,0
DA:136,1
DA:137,3
DA:142,1
DA:143,1
DA:144,1
DA:145,0
DA:147,3
DA:148,3
DA:149,1
DA:150,0
DA:151,0
DA:158,5
DA:162,2
DA:170,0
DA:171,0
DA:175,0
DA:178,0
DA:179,0
DA:183,0
DA:186,0
DA:187,0
DA:191,0
DA:194,0
DA:195,0
DA:199,0
DA:202,0
DA:203,0
DA:207,0
DA:210,0
DA:212,0
DA:216,0
DA:220,0
DA:224,0
DA:225,0
DA:228,0
DA:229,0
DA:230,0
DA:232,0
DA:233,0
DA:235,0
DA:239,0
DA:241,0
DA:244,0
DA:245,0
DA:249,0
DA:253,0
DA:256,0
DA:257,0
DA:261,0
DA:265,0
DA:269,0
DA:272,0
DA:274,0
DA:278,0
DA:280,0
DA:281,0
DA:285,0
DA:291,0
DA:292,0
DA:293,0
DA:294,0
DA:295,0
DA:301,0
DA:305,0
DA:309,0
DA:311,0
DA:315,0
LF:80
LH:11
end_of_record
SF:lib/src/type_namespace.dart
DA:7,2
DA:9,2
DA:14,2
DA:16,0
DA:19,1
DA:20,1
DA:21,1
DA:22,1
DA:23,1
DA:24,2
LF:10
LH:9
end_of_record
